<?xml version="1.0" encoding="UTF-8"?>
<!-- Generated by org.testng.reporters.JUnitReportReporter -->
<testsuite skipped="0" hostname="LAPTOP-JVNL5G83" name="com.carbonite.qa.tests.CompareBackUpPlanTest" tests="1" failures="0" timestamp="11 Aug 2020 03:40:23 GMT" time="10.123" errors="0">
  <testcase name="getTitleOfThePage" time="10.123" classname="com.carbonite.qa.tests.CompareBackUpPlanTest"/>
</testsuite> <!-- com.carbonite.qa.tests.CompareBackUpPlanTest -->
